<?xml version="1.0" encoding="UTF-8"?>
<testng-results ignored="0" total="1" passed="1" failed="0" skipped="0">
  <reporter-output>
  </reporter-output>
  <suite started-at="2024-03-12T14:28:21 IST" name="Default suite" finished-at="2024-03-12T14:29:35 IST" duration-ms="74055">
    <groups>
    </groups>
    <test started-at="2024-03-12T14:28:21 IST" name="Default test" finished-at="2024-03-12T14:29:35 IST" duration-ms="74055">
      <class name="orange_hrm.MainClass">
        <test-method is-config="true" signature="setup()[pri:0, instance:orange_hrm.MainClass@56bca85b]" started-at="2024-03-12T14:28:21 IST" name="setup" finished-at="2024-03-12T14:28:52 IST" duration-ms="30960" status="PASS">
          <reporter-output>
          </reporter-output>
        </test-method> <!-- setup -->
        <test-method signature="verify_login()[pri:0, instance:orange_hrm.MainClass@56bca85b]" started-at="2024-03-12T14:28:52 IST" name="verify_login" finished-at="2024-03-12T14:29:25 IST" duration-ms="32942" status="PASS">
          <reporter-output>
          </reporter-output>
        </test-method> <!-- verify_login -->
        <test-method is-config="true" signature="tearDown()[pri:0, instance:orange_hrm.MainClass@56bca85b]" started-at="2024-03-12T14:29:25 IST" name="tearDown" finished-at="2024-03-12T14:29:35 IST" duration-ms="10102" status="PASS">
          <reporter-output>
          </reporter-output>
        </test-method> <!-- tearDown -->
      </class> <!-- orange_hrm.MainClass -->
    </test> <!-- Default test -->
  </suite> <!-- Default suite -->
</testng-results>
